2025-12-10T14:00:19+09:00	DEBUG	No plugins loaded
2025-12-10T14:00:19+09:00	DEBUG	Default config file "file_path=trivy.yaml" not found, using built in values
2025-12-10T14:00:19+09:00	DEBUG	Cache dir	dir="/Users/keita.higaki/Library/Caches/trivy"
2025-12-10T14:00:19+09:00	DEBUG	Cache dir	dir="/Users/keita.higaki/Library/Caches/trivy"
2025-12-10T14:00:19+09:00	DEBUG	Parsed severities	severities=[UNKNOWN LOW MEDIUM HIGH CRITICAL]
2025-12-10T14:00:19+09:00	DEBUG	Ignore statuses	statuses=[]
2025-12-10T14:00:19+09:00	DEBUG	DB update was skipped because the local DB is the latest
2025-12-10T14:00:19+09:00	DEBUG	DB info	schema=2 updated_at=2025-12-10T00:28:02.128218939Z next_update=2025-12-11T00:28:02.128218576Z downloaded_at=2025-12-10T04:59:51.510173Z
2025-12-10T14:00:19+09:00	DEBUG	[pkg] Package types	types=[os library]
2025-12-10T14:00:19+09:00	DEBUG	[pkg] Package relationships	relationships=[unknown root workspace direct indirect]
2025-12-10T14:00:19+09:00	INFO	[vuln] Vulnerability scanning is enabled
2025-12-10T14:00:19+09:00	INFO	[secret] Secret scanning is enabled
2025-12-10T14:00:19+09:00	INFO	[secret] If your scanning is slow, please try '--scanners vuln' to disable secret scanning
2025-12-10T14:00:19+09:00	INFO	[secret] Please see https://trivy.dev/docs/v0.68/guide/scanner/secret#recommendation for faster secret detection
2025-12-10T14:00:19+09:00	DEBUG	[notification] Running version check
2025-12-10T14:00:19+09:00	DEBUG	Initializing scan cache...	type="memory"
2025-12-10T14:00:19+09:00	DEBUG	[secret] No secret config detected	config_path="trivy-secret.yaml"
2025-12-10T14:00:19+09:00	DEBUG	[fs] Analyzing...	root="sample.zip"
2025-12-10T14:00:19+09:00	DEBUG	[fs] Random cache key will be used	err="failed to open git repository: stat /Users/keita.higaki/sysdig-test/sample.zip/.git: not a directory"
2025-12-10T14:00:19+09:00	DEBUG	Created process-specific temp directory	path="/var/folders/qj/dwx0238x7v74bd1k5d8j7wtc0000gp/T/trivy-41431"
2025-12-10T14:00:19+09:00	DEBUG	OS is not detected.
2025-12-10T14:00:19+09:00	DEBUG	Detected OS: unknown
2025-12-10T14:00:19+09:00	INFO	Number of language-specific files	num=0
2025-12-10T14:00:19+09:00	DEBUG	Specified ignore file does not exist	file=".trivyignore"
2025-12-10T14:00:19+09:00	DEBUG	[vex] VEX filtering is disabled
2025-12-10T14:00:19+09:00	WARN	[report] Supported files for scanner(s) not found.	scanners=[vuln]
2025-12-10T14:00:19+09:00	INFO	[report] No issues detected with scanner(s).	scanners=[secret]

Report Summary

┌────────┬──────┬─────────────────┬─────────┐
│ Target │ Type │ Vulnerabilities │ Secrets │
├────────┼──────┼─────────────────┼─────────┤
│   -    │  -   │        -        │    -    │
└────────┴──────┴─────────────────┴─────────┘
Legend:
- '-': Not scanned
- '0': Clean (no security findings detected)

2025-12-10T14:00:19+09:00	DEBUG	Cleaning up temp directory	path="/var/folders/qj/dwx0238x7v74bd1k5d8j7wtc0000gp/T/trivy-41431"
        0.12 real         0.04 user         0.01 sys
            94093312  maximum resident set size
                   0  average shared memory size
                   0  average unshared data size
                   0  average unshared stack size
                6988  page reclaims
                   0  page faults
                   0  swaps
                   0  block input operations
                   0  block output operations
                   3  messages sent
                   1  messages received
                  78  signals received
                  81  voluntary context switches
                 592  involuntary context switches
           655094881  instructions retired
           217961707  cycles elapsed
            46580432  peak memory footprint
